(yoloenv) ashwin-benchdev@pop-os:~/NetAsh3D$ python3 train_two_stage_v2.py   --data-root /media/ashwin-benchdev/eb2a8889-3ec9-411a-826e-816cf9759b02/KITTI-3D   --epochs 50   --batch-size 8   --lr 1e-4   --output-dir ~/NetAsh3D/outputs/two_stage_v2_intrinsics_fresh   --workers 4   --viz-interval 5
Using device: cuda

Loading datasets...
Training classes: ['Car', 'Pedestrian', 'Cyclist']
KITTI train split: 5984 images
KITTI val split: 1497 images
Train: 5984 images
Val: 1497 images

Building model V2 (intrinsics-conditioned + PointPillars heads)...
Active KITTI classes: {'Car', 'Pedestrian', 'Cyclist'}
Mapped COCO classes: [0, 1, 2, 3, 5, 7]
/home/ashwin-benchdev/yolo-framework/yoloenv/lib/python3.10/site-packages/torchvision/models/_utils.py:208: UserWarning: The parameter 'pretrained' is deprecated since 0.13 and may be removed in the future, please use 'weights' instead.
  warnings.warn(
/home/ashwin-benchdev/yolo-framework/yoloenv/lib/python3.10/site-packages/torchvision/models/_utils.py:223: UserWarning: Arguments other than a weight enum or `None` for 'weights' are deprecated since 0.13 and may be removed in the future. The current behavior is equivalent to passing `weights=ResNet50_Weights.IMAGENET1K_V1`. You can also use `weights=ResNet50_Weights.DEFAULT` to get the most up-to-date weights.
  warnings.warn(msg)
Trainable parameters: 30,220,835
/home/ashwin-benchdev/NetAsh3D/train_two_stage_v2.py:516: FutureWarning: `torch.cuda.amp.GradScaler(args...)` is deprecated. Please use `torch.amp.GradScaler('cuda', args...)` instead.
  scaler = GradScaler()

Starting training...
============================================================
Epoch 0:   0%|                                                                                       | 0/748 [00:00<?, ?it/s]/home/ashwin-benchdev/NetAsh3D/train_two_stage_v2.py:288: FutureWarning: `torch.cuda.amp.autocast(args...)` is deprecated. Please use `torch.amp.autocast('cuda', args...)` instead.
  with autocast():
Epoch 0: 100%|███████████████████| 748/748 [03:46<00:00,  3.31it/s, loss=4.439, depth=2.343, dim=0.754, dir=0.191, iou=0.000]
Validation:   0%|                                                                                    | 0/188 [00:00<?, ?it/s]/home/ashwin-benchdev/NetAsh3D/train_two_stage_v2.py:372: FutureWarning: `torch.cuda.amp.autocast(args...)` is deprecated. Please use `torch.amp.autocast('cuda', args...)` instead.
  with autocast():
Validation: 100%|██████████████████████████████████████████████████████████████████████████| 188/188 [00:20<00:00,  9.06it/s]

Epoch 0:
  Train Loss: 7.5138 (D:3.254 Dim:2.616 Dir:0.328 Rot:1.476 IoU:0.000)
  Val Loss:   4.8580 (D:2.799 Dim:0.668 Dir:0.256 Rot:1.262 IoU:0.000)
  → Saved visualizations to /home/ashwin-benchdev/NetAsh3D/outputs/two_stage_v2_intrinsics_fresh/visualizations/epoch_000
  → New best model saved!
============================================================
Epoch 1: 100%|███████████████████| 748/748 [03:48<00:00,  3.28it/s, loss=3.354, depth=1.946, dim=0.469, dir=0.175, iou=0.000]
Validation: 100%|██████████████████████████████████████████████████████████████████████████| 188/188 [00:20<00:00,  9.10it/s]

Epoch 1:
  Train Loss: 3.8642 (D:2.159 Dim:0.565 Dir:0.207 Rot:1.037 IoU:0.000)
  Val Loss:   3.7635 (D:2.223 Dim:0.397 Dir:0.222 Rot:1.033 IoU:0.000)
  → New best model saved!
============================================================
Epoch 2: 100%|███████████████████| 748/748 [03:44<00:00,  3.33it/s, loss=3.337, depth=1.748, dim=0.520, dir=0.141, iou=0.000]
Validation: 100%|██████████████████████████████████████████████████████████████████████████| 188/188 [00:20<00:00,  9.17it/s]

Epoch 2:
  Train Loss: 3.2735 (D:1.954 Dim:0.464 Dir:0.153 Rot:0.779 IoU:0.000)
  Val Loss:   3.6568 (D:2.352 Dim:0.326 Dir:0.177 Rot:0.891 IoU:0.000)
  → New best model saved!
============================================================
Epoch 3: 100%|███████████████████| 748/748 [03:44<00:00,  3.33it/s, loss=2.654, depth=1.936, dim=0.392, dir=0.086, iou=0.000]
Validation: 100%|██████████████████████████████████████████████████████████████████████████| 188/188 [00:20<00:00,  9.14it/s]

Epoch 3:
  Train Loss: 2.9252 (D:1.851 Dim:0.417 Dir:0.117 Rot:0.599 IoU:0.000)
  Val Loss:   2.9584 (D:1.860 Dim:0.287 Dir:0.162 Rot:0.730 IoU:0.000)
  → New best model saved!
============================================================
Epoch 4: 100%|███████████████████| 748/748 [03:46<00:00,  3.30it/s, loss=2.579, depth=1.792, dim=0.371, dir=0.104, iou=0.000]
Validation: 100%|██████████████████████████████████████████████████████████████████████████| 188/188 [00:20<00:00,  9.29it/s]

Epoch 4:
  Train Loss: 2.6563 (D:1.760 Dim:0.391 Dir:0.090 Rot:0.460 IoU:0.000)
  Val Loss:   2.8509 (D:1.711 Dim:0.306 Dir:0.188 Rot:0.740 IoU:0.000)
  → New best model saved!
============================================================
Epoch 5: 100%|███████████████████| 748/748 [03:43<00:00,  3.35it/s, loss=2.374, depth=1.775, dim=0.361, dir=0.005, iou=0.000]
Validation: 100%|██████████████████████████████████████████████████████████████████████████| 188/188 [00:19<00:00,  9.51it/s]

Epoch 5:
  Train Loss: 2.4705 (D:1.698 Dim:0.368 Dir:0.075 Rot:0.367 IoU:0.000)
  Val Loss:   2.9328 (D:1.980 Dim:0.247 Dir:0.158 Rot:0.627 IoU:0.000)
  → Saved visualizations to /home/ashwin-benchdev/NetAsh3D/outputs/two_stage_v2_intrinsics_fresh/visualizations/epoch_005
============================================================
Epoch 6: 100%|███████████████████| 748/748 [03:40<00:00,  3.39it/s, loss=3.002, depth=1.578, dim=0.318, dir=0.247, iou=0.000]
Validation: 100%|██████████████████████████████████████████████████████████████████████████| 188/188 [00:19<00:00,  9.49it/s]

Epoch 6:
  Train Loss: 2.3239 (D:1.649 Dim:0.349 Dir:0.062 Rot:0.295 IoU:0.000)
  Val Loss:   2.7852 (D:1.788 Dim:0.236 Dir:0.195 Rot:0.664 IoU:0.000)
  → New best model saved!
============================================================
Epoch 7: 100%|███████████████████| 748/748 [03:40<00:00,  3.40it/s, loss=2.335, depth=1.986, dim=0.296, dir=0.010, iou=0.000]
Validation: 100%|██████████████████████████████████████████████████████████████████████████| 188/188 [00:19<00:00,  9.50it/s]

Epoch 7:
  Train Loss: 2.2193 (D:1.614 Dim:0.336 Dir:0.053 Rot:0.242 IoU:0.000)
  Val Loss:   2.8782 (D:1.905 Dim:0.233 Dir:0.172 Rot:0.654 IoU:0.000)
============================================================
Epoch 8: 100%|███████████████████| 748/748 [03:41<00:00,  3.38it/s, loss=2.197, depth=1.596, dim=0.355, dir=0.047, iou=0.000]
Validation: 100%|██████████████████████████████████████████████████████████████████████████| 188/188 [00:20<00:00,  9.32it/s]

Epoch 8:
  Train Loss: 2.1344 (D:1.582 Dim:0.327 Dir:0.048 Rot:0.201 IoU:0.000)
  Val Loss:   2.6344 (D:1.682 Dim:0.234 Dir:0.163 Rot:0.637 IoU:0.000)
  → New best model saved!
============================================================
Epoch 9: 100%|███████████████████| 748/748 [03:41<00:00,  3.37it/s, loss=1.938, depth=1.533, dim=0.371, dir=0.001, iou=0.000]
Validation: 100%|██████████████████████████████████████████████████████████████████████████| 188/188 [00:21<00:00,  8.92it/s]

Epoch 9:
  Train Loss: 2.0451 (D:1.536 Dim:0.317 Dir:0.038 Rot:0.173 IoU:0.000)
  Val Loss:   3.0025 (D:2.070 Dim:0.229 Dir:0.176 Rot:0.616 IoU:0.000)
============================================================
Epoch 10: 100%|██████████████████| 748/748 [03:43<00:00,  3.35it/s, loss=2.374, depth=1.918, dim=0.344, dir=0.004, iou=0.000]
Validation: 100%|██████████████████████████████████████████████████████████████████████████| 188/188 [00:19<00:00,  9.42it/s]

Epoch 10:
  Train Loss: 1.9925 (D:1.523 Dim:0.310 Dir:0.033 Rot:0.143 IoU:0.000)
  Val Loss:   3.2739 (D:2.293 Dim:0.241 Dir:0.189 Rot:0.645 IoU:0.000)
  → Saved visualizations to /home/ashwin-benchdev/NetAsh3D/outputs/two_stage_v2_intrinsics_fresh/visualizations/epoch_010
============================================================
Epoch 11: 100%|██████████████████| 748/748 [03:41<00:00,  3.38it/s, loss=1.743, depth=1.345, dim=0.303, dir=0.000, iou=0.000]
Validation: 100%|██████████████████████████████████████████████████████████████████████████| 188/188 [00:19<00:00,  9.42it/s]

Epoch 11:
  Train Loss: 1.9443 (D:1.492 Dim:0.303 Dir:0.032 Rot:0.133 IoU:0.000)
  Val Loss:   3.0473 (D:2.074 Dim:0.217 Dir:0.192 Rot:0.660 IoU:0.000)
============================================================
Epoch 12: 100%|██████████████████| 748/748 [03:41<00:00,  3.38it/s, loss=1.617, depth=1.264, dim=0.279, dir=0.013, iou=0.000]
Validation: 100%|██████████████████████████████████████████████████████████████████████████| 188/188 [00:20<00:00,  9.39it/s]

Epoch 12:
  Train Loss: 1.9119 (D:1.476 Dim:0.297 Dir:0.028 Rot:0.125 IoU:0.000)
  Val Loss:   3.3126 (D:2.297 Dim:0.210 Dir:0.232 Rot:0.689 IoU:0.000)
============================================================
Epoch 13: 100%|██████████████████| 748/748 [03:41<00:00,  3.38it/s, loss=2.083, depth=1.787, dim=0.275, dir=0.000, iou=0.000]
Validation: 100%|██████████████████████████████████████████████████████████████████████████| 188/188 [00:19<00:00,  9.40it/s]

Epoch 13:
  Train Loss: 1.8753 (D:1.471 Dim:0.294 Dir:0.024 Rot:0.099 IoU:0.000)
  Val Loss:   2.8300 (D:1.775 Dim:0.216 Dir:0.200 Rot:0.740 IoU:0.000)
============================================================
Epoch 14: 100%|██████████████████| 748/748 [03:41<00:00,  3.38it/s, loss=1.921, depth=1.524, dim=0.358, dir=0.000, iou=0.000]
Validation: 100%|██████████████████████████████████████████████████████████████████████████| 188/188 [00:20<00:00,  9.38it/s]

Epoch 14:
  Train Loss: 1.8425 (D:1.461 Dim:0.289 Dir:0.021 Rot:0.081 IoU:0.000)
  Val Loss:   3.3261 (D:2.330 Dim:0.207 Dir:0.218 Rot:0.680 IoU:0.000)
============================================================
Epoch 15: 100%|██████████████████| 748/748 [03:41<00:00,  3.38it/s, loss=1.784, depth=1.461, dim=0.287, dir=0.000, iou=0.000]
Validation: 100%|██████████████████████████████████████████████████████████████████████████| 188/188 [00:19<00:00,  9.41it/s]

Epoch 15:
  Train Loss: 1.8033 (D:1.430 Dim:0.284 Dir:0.017 Rot:0.081 IoU:0.000)
  Val Loss:   3.4302 (D:2.399 Dim:0.208 Dir:0.213 Rot:0.717 IoU:0.000)
  → Saved visualizations to /home/ashwin-benchdev/NetAsh3D/outputs/two_stage_v2_intrinsics_fresh/visualizations/epoch_015
============================================================
Epoch 16: 100%|██████████████████| 748/748 [03:41<00:00,  3.38it/s, loss=1.635, depth=1.297, dim=0.294, dir=0.001, iou=0.000]
Validation: 100%|██████████████████████████████████████████████████████████████████████████| 188/188 [00:19<00:00,  9.40it/s]

Epoch 16:
  Train Loss: 1.7845 (D:1.423 Dim:0.279 Dir:0.017 Rot:0.074 IoU:0.000)
  Val Loss:   3.0921 (D:2.066 Dim:0.200 Dir:0.218 Rot:0.717 IoU:0.000)
============================================================
Epoch 17: 100%|██████████████████| 748/748 [03:41<00:00,  3.38it/s, loss=1.755, depth=1.240, dim=0.416, dir=0.009, iou=0.000]
Validation: 100%|██████████████████████████████████████████████████████████████████████████| 188/188 [00:19<00:00,  9.46it/s]

Epoch 17:
  Train Loss: 1.7654 (D:1.415 Dim:0.275 Dir:0.017 Rot:0.067 IoU:0.000)
  Val Loss:   3.0926 (D:2.103 Dim:0.203 Dir:0.216 Rot:0.679 IoU:0.000)
============================================================
Epoch 18: 100%|██████████████████| 748/748 [03:42<00:00,  3.37it/s, loss=1.695, depth=1.377, dim=0.277, dir=0.000, iou=0.000]
Validation: 100%|██████████████████████████████████████████████████████████████████████████| 188/188 [00:19<00:00,  9.42it/s]

Epoch 18:
  Train Loss: 1.7429 (D:1.403 Dim:0.272 Dir:0.013 Rot:0.061 IoU:0.000)
  Val Loss:   3.3384 (D:2.364 Dim:0.201 Dir:0.219 Rot:0.664 IoU:0.000)
============================================================
Epoch 19: 100%|██████████████████| 748/748 [03:47<00:00,  3.29it/s, loss=1.519, depth=1.256, dim=0.237, dir=0.018, iou=0.000]
Validation: 100%|██████████████████████████████████████████████████████████████████████████| 188/188 [00:19<00:00,  9.40it/s]

Epoch 19:
  Train Loss: 1.7190 (D:1.388 Dim:0.270 Dir:0.014 Rot:0.054 IoU:0.000)
  Val Loss:   3.1806 (D:2.179 Dim:0.195 Dir:0.218 Rot:0.698 IoU:0.000)
============================================================
Epoch 20: 100%|██████████████████| 748/748 [03:43<00:00,  3.34it/s, loss=1.559, depth=1.170, dim=0.293, dir=0.007, iou=0.000]
Validation: 100%|██████████████████████████████████████████████████████████████████████████| 188/188 [00:21<00:00,  8.78it/s]

Epoch 20:
  Train Loss: 1.7047 (D:1.382 Dim:0.264 Dir:0.011 Rot:0.053 IoU:0.000)
  Val Loss:   3.2056 (D:2.215 Dim:0.204 Dir:0.199 Rot:0.687 IoU:0.000)
  → Saved visualizations to /home/ashwin-benchdev/NetAsh3D/outputs/two_stage_v2_intrinsics_fresh/visualizations/epoch_020
============================================================
Epoch 21: 100%|██████████████████| 748/748 [03:43<00:00,  3.35it/s, loss=1.444, depth=1.165, dim=0.243, dir=0.001, iou=0.000]
Validation: 100%|██████████████████████████████████████████████████████████████████████████| 188/188 [00:21<00:00,  8.66it/s]

Epoch 21:
  Train Loss: 1.6798 (D:1.370 Dim:0.260 Dir:0.009 Rot:0.045 IoU:0.000)
  Val Loss:   3.2238 (D:2.094 Dim:0.196 Dir:0.251 Rot:0.808 IoU:0.000)
============================================================
Epoch 22: 100%|██████████████████| 748/748 [03:50<00:00,  3.25it/s, loss=1.488, depth=1.238, dim=0.237, dir=0.000, iou=0.000]
Validation: 100%|██████████████████████████████████████████████████████████████████████████| 188/188 [00:21<00:00,  8.63it/s]

Epoch 22:
  Train Loss: 1.6500 (D:1.351 Dim:0.256 Dir:0.009 Rot:0.038 IoU:0.000)
  Val Loss:   3.6068 (D:2.596 Dim:0.190 Dir:0.212 Rot:0.715 IoU:0.000)
============================================================
Epoch 23: 100%|██████████████████| 748/748 [03:47<00:00,  3.29it/s, loss=1.621, depth=1.391, dim=0.222, dir=0.002, iou=0.000]
Validation: 100%|██████████████████████████████████████████████████████████████████████████| 188/188 [00:22<00:00,  8.52it/s]

Epoch 23:
  Train Loss: 1.6382 (D:1.347 Dim:0.253 Dir:0.008 Rot:0.035 IoU:0.000)
  Val Loss:   3.5374 (D:2.443 Dim:0.190 Dir:0.224 Rot:0.793 IoU:0.000)
============================================================
Epoch 24: 100%|██████████████████| 748/748 [03:49<00:00,  3.26it/s, loss=1.667, depth=1.420, dim=0.227, dir=0.000, iou=0.000]
Validation: 100%|██████████████████████████████████████████████████████████████████████████| 188/188 [00:20<00:00,  9.40it/s]

Epoch 24:
  Train Loss: 1.6254 (D:1.336 Dim:0.252 Dir:0.007 Rot:0.034 IoU:0.000)
  Val Loss:   2.9835 (D:1.921 Dim:0.187 Dir:0.233 Rot:0.759 IoU:0.000)
============================================================
Epoch 25: 100%|██████████████████| 748/748 [03:43<00:00,  3.35it/s, loss=1.818, depth=1.562, dim=0.245, dir=0.000, iou=0.000]
Validation: 100%|██████████████████████████████████████████████████████████████████████████| 188/188 [00:19<00:00,  9.42it/s]

Epoch 25:
  Train Loss: 1.6061 (D:1.328 Dim:0.248 Dir:0.005 Rot:0.027 IoU:0.000)
  Val Loss:   3.3388 (D:2.234 Dim:0.187 Dir:0.257 Rot:0.789 IoU:0.000)
  → Saved visualizations to /home/ashwin-benchdev/NetAsh3D/outputs/two_stage_v2_intrinsics_fresh/visualizations/epoch_025
============================================================
Epoch 26: 100%|██████████████████| 748/748 [03:41<00:00,  3.38it/s, loss=1.276, depth=1.008, dim=0.184, dir=0.001, iou=0.000]
Validation: 100%|██████████████████████████████████████████████████████████████████████████| 188/188 [00:19<00:00,  9.50it/s]

Epoch 26:
  Train Loss: 1.5944 (D:1.322 Dim:0.244 Dir:0.005 Rot:0.027 IoU:0.000)
  Val Loss:   3.6745 (D:2.649 Dim:0.187 Dir:0.247 Rot:0.715 IoU:0.000)
============================================================
Epoch 27: 100%|██████████████████| 748/748 [03:45<00:00,  3.32it/s, loss=1.742, depth=1.405, dim=0.306, dir=0.001, iou=0.000]
Validation: 100%|██████████████████████████████████████████████████████████████████████████| 188/188 [00:21<00:00,  8.56it/s]

Epoch 27:
  Train Loss: 1.5798 (D:1.311 Dim:0.245 Dir:0.004 Rot:0.022 IoU:0.000)
  Val Loss:   3.4894 (D:2.377 Dim:0.192 Dir:0.288 Rot:0.777 IoU:0.000)
============================================================
Epoch 28: 100%|██████████████████| 748/748 [03:42<00:00,  3.37it/s, loss=1.572, depth=1.306, dim=0.255, dir=0.000, iou=0.000]
Validation: 100%|██████████████████████████████████████████████████████████████████████████| 188/188 [00:19<00:00,  9.48it/s]

Epoch 28:
  Train Loss: 1.5544 (D:1.296 Dim:0.238 Dir:0.003 Rot:0.019 IoU:0.000)
  Val Loss:   3.3382 (D:2.272 Dim:0.179 Dir:0.254 Rot:0.760 IoU:0.000)
============================================================
Epoch 29: 100%|██████████████████| 748/748 [03:41<00:00,  3.38it/s, loss=1.707, depth=1.398, dim=0.258, dir=0.000, iou=0.000]
Validation: 100%|██████████████████████████████████████████████████████████████████████████| 188/188 [00:20<00:00,  9.33it/s]

Epoch 29:
  Train Loss: 1.5385 (D:1.284 Dim:0.237 Dir:0.003 Rot:0.016 IoU:0.000)
  Val Loss:   3.6538 (D:2.585 Dim:0.177 Dir:0.263 Rot:0.760 IoU:0.000)
============================================================
Epoch 30: 100%|██████████████████| 748/748 [03:44<00:00,  3.33it/s, loss=1.529, depth=1.280, dim=0.238, dir=0.000, iou=0.000]
Validation: 100%|██████████████████████████████████████████████████████████████████████████| 188/188 [00:20<00:00,  9.29it/s]

Epoch 30:
  Train Loss: 1.5366 (D:1.285 Dim:0.235 Dir:0.002 Rot:0.016 IoU:0.000)
  Val Loss:   3.5116 (D:2.427 Dim:0.174 Dir:0.292 Rot:0.765 IoU:0.000)
  → Saved visualizations to /home/ashwin-benchdev/NetAsh3D/outputs/two_stage_v2_intrinsics_fresh/visualizations/epoch_030
============================================================
Epoch 31: 100%|██████████████████| 748/748 [03:43<00:00,  3.35it/s, loss=1.565, depth=1.339, dim=0.206, dir=0.023, iou=0.000]
Validation: 100%|██████████████████████████████████████████████████████████████████████████| 188/188 [00:20<00:00,  9.34it/s]

Epoch 31:
  Train Loss: 1.5186 (D:1.274 Dim:0.232 Dir:0.002 Rot:0.012 IoU:0.000)
  Val Loss:   3.5668 (D:2.479 Dim:0.177 Dir:0.280 Rot:0.771 IoU:0.000)
============================================================
Epoch 32: 100%|██████████████████| 748/748 [03:44<00:00,  3.33it/s, loss=1.547, depth=1.263, dim=0.280, dir=0.000, iou=0.000]
Validation: 100%|██████████████████████████████████████████████████████████████████████████| 188/188 [00:20<00:00,  9.32it/s]

Epoch 32:
  Train Loss: 1.4979 (D:1.254 Dim:0.231 Dir:0.002 Rot:0.011 IoU:0.000)
  Val Loss:   3.4806 (D:2.407 Dim:0.176 Dir:0.275 Rot:0.761 IoU:0.000)
============================================================
Epoch 33: 100%|██████████████████| 748/748 [03:42<00:00,  3.36it/s, loss=1.273, depth=1.059, dim=0.209, dir=0.002, iou=0.000]
Validation: 100%|██████████████████████████████████████████████████████████████████████████| 188/188 [00:19<00:00,  9.43it/s]

Epoch 33:
  Train Loss: 1.4837 (D:1.243 Dim:0.228 Dir:0.002 Rot:0.011 IoU:0.000)
  Val Loss:   3.8004 (D:2.725 Dim:0.170 Dir:0.276 Rot:0.768 IoU:0.000)
============================================================
Epoch 34: 100%|██████████████████| 748/748 [03:43<00:00,  3.35it/s, loss=1.445, depth=1.207, dim=0.235, dir=0.000, iou=0.000]
Validation: 100%|██████████████████████████████████████████████████████████████████████████| 188/188 [00:20<00:00,  9.35it/s]

Epoch 34:
  Train Loss: 1.4745 (D:1.238 Dim:0.225 Dir:0.001 Rot:0.010 IoU:0.000)
  Val Loss:   3.8768 (D:2.774 Dim:0.168 Dir:0.278 Rot:0.795 IoU:0.000)
============================================================
Epoch 35: 100%|██████████████████| 748/748 [03:45<00:00,  3.32it/s, loss=1.194, depth=1.009, dim=0.182, dir=0.000, iou=0.000]
Validation: 100%|██████████████████████████████████████████████████████████████████████████| 188/188 [00:20<00:00,  9.38it/s]

Epoch 35:
  Train Loss: 1.4718 (D:1.238 Dim:0.225 Dir:0.001 Rot:0.008 IoU:0.000)
  Val Loss:   3.6896 (D:2.595 Dim:0.172 Dir:0.291 Rot:0.777 IoU:0.000)
  → Saved visualizations to /home/ashwin-benchdev/NetAsh3D/outputs/two_stage_v2_intrinsics_fresh/visualizations/epoch_035
============================================================
Epoch 36: 100%|██████████████████| 748/748 [03:55<00:00,  3.18it/s, loss=1.559, depth=1.309, dim=0.247, dir=0.000, iou=0.000]
Validation: 100%|██████████████████████████████████████████████████████████████████████████| 188/188 [00:20<00:00,  9.35it/s]

Epoch 36:
  Train Loss: 1.4674 (D:1.235 Dim:0.223 Dir:0.001 Rot:0.008 IoU:0.000)
  Val Loss:   3.7468 (D:2.651 Dim:0.175 Dir:0.282 Rot:0.779 IoU:0.000)
============================================================
Epoch 37: 100%|██████████████████| 748/748 [03:57<00:00,  3.15it/s, loss=1.450, depth=1.264, dim=0.184, dir=0.000, iou=0.000]
Validation: 100%|██████████████████████████████████████████████████████████████████████████| 188/188 [00:22<00:00,  8.44it/s]

Epoch 37:
  Train Loss: 1.4495 (D:1.219 Dim:0.223 Dir:0.001 Rot:0.008 IoU:0.000)
  Val Loss:   3.6076 (D:2.520 Dim:0.166 Dir:0.289 Rot:0.777 IoU:0.000)
============================================================
Epoch 38: 100%|██████████████████| 748/748 [03:59<00:00,  3.12it/s, loss=1.183, depth=0.960, dim=0.219, dir=0.000, iou=0.000]
Validation: 100%|██████████████████████████████████████████████████████████████████████████| 188/188 [00:20<00:00,  9.35it/s]

Epoch 38:
  Train Loss: 1.4485 (D:1.221 Dim:0.220 Dir:0.001 Rot:0.007 IoU:0.000)
  Val Loss:   3.7460 (D:2.660 Dim:0.166 Dir:0.286 Rot:0.776 IoU:0.000)
============================================================
Epoch 39: 100%|██████████████████| 748/748 [03:48<00:00,  3.28it/s, loss=1.277, depth=1.052, dim=0.220, dir=0.000, iou=0.000]
Validation: 100%|██████████████████████████████████████████████████████████████████████████| 188/188 [00:23<00:00,  7.97it/s]

Epoch 39:
  Train Loss: 1.4447 (D:1.218 Dim:0.220 Dir:0.001 Rot:0.006 IoU:0.000)
  Val Loss:   3.8757 (D:2.787 Dim:0.165 Dir:0.287 Rot:0.781 IoU:0.000)
============================================================
Epoch 40: 100%|██████████████████| 748/748 [04:03<00:00,  3.07it/s, loss=1.437, depth=1.191, dim=0.244, dir=0.000, iou=0.000]
Validation: 100%|██████████████████████████████████████████████████████████████████████████| 188/188 [00:22<00:00,  8.46it/s]

Epoch 40:
  Train Loss: 1.4346 (D:1.209 Dim:0.219 Dir:0.001 Rot:0.007 IoU:0.000)
  Val Loss:   4.0056 (D:2.905 Dim:0.163 Dir:0.293 Rot:0.791 IoU:0.000)
  → Saved visualizations to /home/ashwin-benchdev/NetAsh3D/outputs/two_stage_v2_intrinsics_fresh/visualizations/epoch_040
============================================================
Epoch 41: 100%|██████████████████| 748/748 [04:05<00:00,  3.05it/s, loss=1.200, depth=0.996, dim=0.199, dir=0.000, iou=0.000]
Validation: 100%|██████████████████████████████████████████████████████████████████████████| 188/188 [00:23<00:00,  8.15it/s]

Epoch 41:
  Train Loss: 1.4179 (D:1.195 Dim:0.217 Dir:0.001 Rot:0.006 IoU:0.000)
  Val Loss:   3.8031 (D:2.690 Dim:0.165 Dir:0.298 Rot:0.799 IoU:0.000)
============================================================
Epoch 42: 100%|██████████████████| 748/748 [04:00<00:00,  3.11it/s, loss=1.261, depth=1.084, dim=0.175, dir=0.000, iou=0.000]
Validation: 100%|██████████████████████████████████████████████████████████████████████████| 188/188 [00:21<00:00,  8.69it/s]

Epoch 42:
  Train Loss: 1.4203 (D:1.199 Dim:0.215 Dir:0.001 Rot:0.006 IoU:0.000)
  Val Loss:   3.7095 (D:2.602 Dim:0.163 Dir:0.300 Rot:0.794 IoU:0.000)
============================================================
Epoch 43: 100%|██████████████████| 748/748 [04:01<00:00,  3.10it/s, loss=1.429, depth=1.203, dim=0.225, dir=0.000, iou=0.000]
Validation: 100%|██████████████████████████████████████████████████████████████████████████| 188/188 [00:22<00:00,  8.54it/s]

Epoch 43:
  Train Loss: 1.4094 (D:1.187 Dim:0.217 Dir:0.000 Rot:0.006 IoU:0.000)
  Val Loss:   3.7610 (D:2.652 Dim:0.163 Dir:0.300 Rot:0.796 IoU:0.000)
============================================================
Epoch 44: 100%|██████████████████| 748/748 [04:04<00:00,  3.06it/s, loss=1.366, depth=1.150, dim=0.211, dir=0.002, iou=0.000]
Validation: 100%|██████████████████████████████████████████████████████████████████████████| 188/188 [00:23<00:00,  7.87it/s]

Epoch 44:
  Train Loss: 1.4098 (D:1.187 Dim:0.217 Dir:0.000 Rot:0.005 IoU:0.000)
  Val Loss:   3.7368 (D:2.636 Dim:0.162 Dir:0.300 Rot:0.789 IoU:0.000)
============================================================
Epoch 45: 100%|██████████████████| 748/748 [04:06<00:00,  3.03it/s, loss=1.474, depth=1.253, dim=0.218, dir=0.000, iou=0.000]
Validation: 100%|██████████████████████████████████████████████████████████████████████████| 188/188 [00:22<00:00,  8.46it/s]

Epoch 45:
  Train Loss: 1.4056 (D:1.185 Dim:0.215 Dir:0.000 Rot:0.005 IoU:0.000)
  Val Loss:   3.7771 (D:2.667 Dim:0.161 Dir:0.299 Rot:0.799 IoU:0.000)
  → Saved visualizations to /home/ashwin-benchdev/NetAsh3D/outputs/two_stage_v2_intrinsics_fresh/visualizations/epoch_045
============================================================
Epoch 46: 100%|██████████████████| 748/748 [04:20<00:00,  2.88it/s, loss=1.672, depth=1.413, dim=0.254, dir=0.000, iou=0.000]
Validation: 100%|██████████████████████████████████████████████████████████████████████████| 188/188 [00:24<00:00,  7.69it/s]

Epoch 46:
  Train Loss: 1.4062 (D:1.185 Dim:0.216 Dir:0.000 Rot:0.005 IoU:0.000)
  Val Loss:   3.9142 (D:2.807 Dim:0.162 Dir:0.302 Rot:0.794 IoU:0.000)
============================================================
Epoch 47: 100%|██████████████████| 748/748 [04:11<00:00,  2.97it/s, loss=1.317, depth=1.101, dim=0.215, dir=0.000, iou=0.000]
Validation: 100%|██████████████████████████████████████████████████████████████████████████| 188/188 [00:21<00:00,  8.67it/s]

Epoch 47:
  Train Loss: 1.4060 (D:1.186 Dim:0.214 Dir:0.000 Rot:0.005 IoU:0.000)
  Val Loss:   3.8151 (D:2.696 Dim:0.162 Dir:0.304 Rot:0.805 IoU:0.000)
============================================================
Epoch 48: 100%|██████████████████| 748/748 [03:48<00:00,  3.27it/s, loss=1.291, depth=1.086, dim=0.202, dir=0.000, iou=0.000]
Validation: 100%|██████████████████████████████████████████████████████████████████████████| 188/188 [00:21<00:00,  8.63it/s]

Epoch 48:
  Train Loss: 1.3938 (D:1.174 Dim:0.215 Dir:0.000 Rot:0.005 IoU:0.000)
  Val Loss:   3.8148 (D:2.707 Dim:0.162 Dir:0.303 Rot:0.795 IoU:0.000)
============================================================
Epoch 49: 100%|██████████████████| 748/748 [03:53<00:00,  3.21it/s, loss=1.067, depth=0.812, dim=0.250, dir=0.000, iou=0.000]
Validation: 100%|██████████████████████████████████████████████████████████████████████████| 188/188 [00:22<00:00,  8.41it/s]

Epoch 49:
  Train Loss: 1.3947 (D:1.176 Dim:0.214 Dir:0.000 Rot:0.005 IoU:0.000)
  Val Loss:   3.7946 (D:2.688 Dim:0.162 Dir:0.303 Rot:0.794 IoU:0.000)
============================================================

Training complete!
Best validation loss: 2.6344
(yoloenv) ashwin-benchdev@pop-os:~/NetAsh3D$ 

