(yoloenv) ashwin-benchdev@pop-os:~/NetAsh3D$ python3 train_two_stage_v3.py \
  --data-root /media/ashwin-benchdev/eb2a8889-3ec9-411a-826e-816cf9759b02/KITTI-3D \
  --epochs 50 \
  --batch-size 8 \
  --lr 1e-4 \
  --output-dir ~/NetAsh3D/outputs/two_stage_v3_rotation_only \
  --workers 4
Device: cuda

KITTI train split: 5984 images
KITTI val split: 1497 images
Train: 5984, Val: 1497

/home/ashwin-benchdev/yolo-framework/yoloenv/lib/python3.10/site-packages/torchvision/models/_utils.py:208: UserWarning: The parameter 'pretrained' is deprecated since 0.13 and may be removed in the future, please use 'weights' instead.
  warnings.warn(
/home/ashwin-benchdev/yolo-framework/yoloenv/lib/python3.10/site-packages/torchvision/models/_utils.py:223: UserWarning: Arguments other than a weight enum or `None` for 'weights' are deprecated since 0.13 and may be removed in the future. The current behavior is equivalent to passing `weights=ResNet50_Weights.IMAGENET1K_V1`. You can also use `weights=ResNet50_Weights.DEFAULT` to get the most up-to-date weights.
  warnings.warn(msg)
Params: 28,646,713

/home/ashwin-benchdev/NetAsh3D/train_two_stage_v3.py:135: FutureWarning: `torch.cuda.amp.GradScaler(args...)` is deprecated. Please use `torch.amp.GradScaler('cuda', args...)` instead.
  scaler = GradScaler()
Training V3...
============================================================
Epoch 0:   0%|                                                                                       | 0/748 [00:00<?, ?it/s]/home/ashwin-benchdev/NetAsh3D/train_two_stage_v3.py:53: FutureWarning: `torch.cuda.amp.autocast(args...)` is deprecated. Please use `torch.amp.autocast('cuda', args...)` instead.
  with autocast():
Epoch 0: 100%|█████████████████████████████████| 748/748 [03:10<00:00,  3.92it/s, loss=4.941, depth=2.27, dim=0.17, rot=1.67]
Validation:   0%|                                                                                    | 0/188 [00:00<?, ?it/s]/home/ashwin-benchdev/NetAsh3D/train_two_stage_v3.py:84: FutureWarning: `torch.cuda.amp.autocast(args...)` is deprecated. Please use `torch.amp.autocast('cuda', args...)` instead.
  with autocast():
Validation: 100%|██████████████████████████████████████████████████████████████████████████| 188/188 [00:15<00:00, 12.09it/s]

Ep 0: Train 7.045 (D:3.83 Dim:0.57 Rot:1.76)
        Val   4.077 (D:1.84 Dim:0.13 Rot:1.40)
  → Best!
============================================================
Epoch 1: 100%|█████████████████████████████████| 748/748 [03:08<00:00,  3.97it/s, loss=3.972, depth=1.73, dim=0.16, rot=1.39]
Validation: 100%|██████████████████████████████████████████████████████████████████████████| 188/188 [00:15<00:00, 12.12it/s]

Ep 1: Train 3.820 (D:1.92 Dim:0.13 Rot:1.18)
        Val   4.166 (D:2.45 Dim:0.07 Rot:1.09)
============================================================
Epoch 2: 100%|█████████████████████████████████| 748/748 [03:03<00:00,  4.07it/s, loss=3.317, depth=1.65, dim=0.09, rot=1.05]
Validation: 100%|██████████████████████████████████████████████████████████████████████████| 188/188 [00:15<00:00, 12.34it/s]

Ep 2: Train 3.155 (D:1.74 Dim:0.10 Rot:0.88)
        Val   3.308 (D:1.85 Dim:0.07 Rot:0.93)
  → Best!
============================================================
Epoch 3: 100%|█████████████████████████████████| 748/748 [03:03<00:00,  4.07it/s, loss=3.116, depth=1.58, dim=0.07, rot=0.98]
Validation: 100%|██████████████████████████████████████████████████████████████████████████| 188/188 [00:15<00:00, 12.32it/s]

Ep 3: Train 2.722 (D:1.61 Dim:0.09 Rot:0.68)
        Val   4.060 (D:2.75 Dim:0.07 Rot:0.83)
============================================================
Epoch 4: 100%|█████████████████████████████████| 748/748 [03:03<00:00,  4.07it/s, loss=1.924, depth=1.32, dim=0.07, rot=0.36]
Validation: 100%|██████████████████████████████████████████████████████████████████████████| 188/188 [00:15<00:00, 12.35it/s]

Ep 4: Train 2.390 (D:1.50 Dim:0.08 Rot:0.54)
        Val   4.077 (D:2.83 Dim:0.06 Rot:0.79)
============================================================
Epoch 5: 100%|█████████████████████████████████| 748/748 [03:03<00:00,  4.07it/s, loss=1.979, depth=1.42, dim=0.10, rot=0.30]
Validation: 100%|██████████████████████████████████████████████████████████████████████████| 188/188 [00:15<00:00, 12.30it/s]

Ep 5: Train 2.162 (D:1.42 Dim:0.07 Rot:0.45)
        Val   3.936 (D:2.67 Dim:0.06 Rot:0.81)
============================================================
Epoch 6: 100%|█████████████████████████████████| 748/748 [03:03<00:00,  4.07it/s, loss=2.732, depth=1.45, dim=0.06, rot=0.81]
Validation: 100%|██████████████████████████████████████████████████████████████████████████| 188/188 [00:15<00:00, 12.32it/s]

Ep 6: Train 1.963 (D:1.33 Dim:0.07 Rot:0.37)
        Val   5.633 (D:4.44 Dim:0.05 Rot:0.76)
============================================================
Epoch 7: 100%|█████████████████████████████████| 748/748 [03:03<00:00,  4.07it/s, loss=1.558, depth=1.24, dim=0.06, rot=0.17]
Validation: 100%|██████████████████████████████████████████████████████████████████████████| 188/188 [00:15<00:00, 12.37it/s]

Ep 7: Train 1.788 (D:1.27 Dim:0.06 Rot:0.30)
        Val   4.495 (D:3.35 Dim:0.05 Rot:0.73)
============================================================
Epoch 8: 100%|█████████████████████████████████| 748/748 [03:03<00:00,  4.07it/s, loss=2.103, depth=1.58, dim=0.06, rot=0.30]
Validation: 100%|██████████████████████████████████████████████████████████████████████████| 188/188 [00:15<00:00, 12.28it/s]

Ep 8: Train 1.655 (D:1.19 Dim:0.06 Rot:0.27)
        Val   6.080 (D:4.86 Dim:0.05 Rot:0.78)
============================================================
Epoch 9: 100%|█████████████████████████████████| 748/748 [03:03<00:00,  4.08it/s, loss=1.292, depth=1.16, dim=0.06, rot=0.05]
Validation: 100%|██████████████████████████████████████████████████████████████████████████| 188/188 [00:15<00:00, 12.34it/s]

Ep 9: Train 1.539 (D:1.15 Dim:0.06 Rot:0.22)
        Val   5.551 (D:4.34 Dim:0.05 Rot:0.77)
============================================================
Epoch 10: 100%|████████████████████████████████| 748/748 [03:03<00:00,  4.07it/s, loss=2.982, depth=2.06, dim=0.04, rot=0.59]
Validation: 100%|██████████████████████████████████████████████████████████████████████████| 188/188 [00:15<00:00, 12.31it/s]

Ep 10: Train 1.429 (D:1.08 Dim:0.06 Rot:0.20)
        Val   5.745 (D:4.40 Dim:0.04 Rot:0.87)
============================================================
Epoch 11: 100%|████████████████████████████████| 748/748 [03:03<00:00,  4.07it/s, loss=0.902, depth=0.72, dim=0.03, rot=0.10]
Validation: 100%|██████████████████████████████████████████████████████████████████████████| 188/188 [00:15<00:00, 12.30it/s]

Ep 11: Train 1.344 (D:1.03 Dim:0.05 Rot:0.17)
        Val   6.125 (D:4.89 Dim:0.04 Rot:0.79)
============================================================
Epoch 12: 100%|████████████████████████████████| 748/748 [03:03<00:00,  4.07it/s, loss=1.531, depth=1.43, dim=0.04, rot=0.04]
Validation: 100%|██████████████████████████████████████████████████████████████████████████| 188/188 [00:15<00:00, 12.40it/s]

Ep 12: Train 1.271 (D:0.99 Dim:0.05 Rot:0.15)
        Val   5.369 (D:4.06 Dim:0.04 Rot:0.85)
============================================================
Epoch 13: 100%|████████████████████████████████| 748/748 [03:03<00:00,  4.07it/s, loss=1.496, depth=1.26, dim=0.07, rot=0.11]
Validation: 100%|██████████████████████████████████████████████████████████████████████████| 188/188 [00:15<00:00, 12.35it/s]

Ep 13: Train 1.196 (D:0.94 Dim:0.05 Rot:0.13)
        Val   5.738 (D:4.46 Dim:0.05 Rot:0.82)
============================================================
Epoch 14: 100%|████████████████████████████████| 748/748 [03:03<00:00,  4.07it/s, loss=0.983, depth=0.85, dim=0.04, rot=0.06]
Validation: 100%|██████████████████████████████████████████████████████████████████████████| 188/188 [00:15<00:00, 12.31it/s]

Ep 14: Train 1.136 (D:0.90 Dim:0.05 Rot:0.12)
        Val   6.629 (D:5.33 Dim:0.04 Rot:0.84)
============================================================
Epoch 15: 100%|████████████████████████████████| 748/748 [03:03<00:00,  4.07it/s, loss=0.981, depth=0.75, dim=0.05, rot=0.12]
Validation: 100%|██████████████████████████████████████████████████████████████████████████| 188/188 [00:15<00:00, 12.38it/s]

Ep 15: Train 1.058 (D:0.85 Dim:0.05 Rot:0.11)
        Val   7.147 (D:5.79 Dim:0.04 Rot:0.87)
============================================================
Epoch 16: 100%|████████████████████████████████| 748/748 [03:03<00:00,  4.07it/s, loss=0.549, depth=0.46, dim=0.05, rot=0.03]
Validation: 100%|██████████████████████████████████████████████████████████████████████████| 188/188 [00:15<00:00, 12.38it/s]

Ep 16: Train 1.016 (D:0.82 Dim:0.05 Rot:0.10)
        Val   7.145 (D:5.76 Dim:0.04 Rot:0.89)
============================================================
Epoch 17: 100%|████████████████████████████████| 748/748 [03:03<00:00,  4.07it/s, loss=0.659, depth=0.53, dim=0.04, rot=0.06]
Validation: 100%|██████████████████████████████████████████████████████████████████████████| 188/188 [00:15<00:00, 12.28it/s]

Ep 17: Train 0.963 (D:0.78 Dim:0.05 Rot:0.09)
        Val   8.149 (D:6.76 Dim:0.04 Rot:0.90)
============================================================
Epoch 18: 100%|████████████████████████████████| 748/748 [03:03<00:00,  4.07it/s, loss=0.583, depth=0.51, dim=0.03, rot=0.03]
Validation: 100%|██████████████████████████████████████████████████████████████████████████| 188/188 [00:15<00:00, 12.35it/s]

Ep 18: Train 0.901 (D:0.73 Dim:0.04 Rot:0.08)
        Val   7.923 (D:6.53 Dim:0.04 Rot:0.90)
============================================================
Epoch 19: 100%|████████████████████████████████| 748/748 [03:03<00:00,  4.07it/s, loss=0.889, depth=0.81, dim=0.05, rot=0.02]
Validation: 100%|██████████████████████████████████████████████████████████████████████████| 188/188 [00:15<00:00, 12.30it/s]

Ep 19: Train 0.840 (D:0.68 Dim:0.04 Rot:0.07)
        Val   7.206 (D:5.85 Dim:0.04 Rot:0.88)
============================================================
Epoch 20: 100%|████████████████████████████████| 748/748 [03:03<00:00,  4.07it/s, loss=1.086, depth=0.93, dim=0.03, rot=0.08]
Validation: 100%|██████████████████████████████████████████████████████████████████████████| 188/188 [00:15<00:00, 12.31it/s]

Ep 20: Train 0.786 (D:0.64 Dim:0.04 Rot:0.07)
        Val   8.114 (D:6.75 Dim:0.04 Rot:0.89)
============================================================
Epoch 21: 100%|████████████████████████████████| 748/748 [03:03<00:00,  4.07it/s, loss=0.686, depth=0.50, dim=0.04, rot=0.10]
Validation: 100%|██████████████████████████████████████████████████████████████████████████| 188/188 [00:15<00:00, 12.29it/s]

Ep 21: Train 0.742 (D:0.61 Dim:0.04 Rot:0.06)
        Val   8.105 (D:6.71 Dim:0.04 Rot:0.91)
============================================================
Epoch 22: 100%|████████████████████████████████| 748/748 [03:03<00:00,  4.07it/s, loss=1.263, depth=1.11, dim=0.03, rot=0.08]
Validation: 100%|██████████████████████████████████████████████████████████████████████████| 188/188 [00:15<00:00, 12.37it/s]

Ep 22: Train 0.686 (D:0.57 Dim:0.04 Rot:0.05)
        Val   8.004 (D:6.59 Dim:0.04 Rot:0.92)
============================================================
Epoch 23: 100%|████████████████████████████████| 748/748 [03:03<00:00,  4.07it/s, loss=0.767, depth=0.49, dim=0.04, rot=0.16]
Validation: 100%|██████████████████████████████████████████████████████████████████████████| 188/188 [00:15<00:00, 12.33it/s]

Ep 23: Train 0.645 (D:0.53 Dim:0.04 Rot:0.05)
        Val   9.271 (D:7.89 Dim:0.04 Rot:0.89)
============================================================
Epoch 24: 100%|████████████████████████████████| 748/748 [03:03<00:00,  4.07it/s, loss=0.639, depth=0.54, dim=0.04, rot=0.04]
Validation: 100%|██████████████████████████████████████████████████████████████████████████| 188/188 [00:15<00:00, 12.28it/s]

Ep 24: Train 0.584 (D:0.48 Dim:0.04 Rot:0.04)
        Val   9.722 (D:8.27 Dim:0.04 Rot:0.94)
============================================================
Epoch 25: 100%|████████████████████████████████| 748/748 [03:03<00:00,  4.07it/s, loss=0.515, depth=0.37, dim=0.05, rot=0.06]
Validation: 100%|██████████████████████████████████████████████████████████████████████████| 188/188 [00:15<00:00, 12.30it/s]

Ep 25: Train 0.540 (D:0.44 Dim:0.04 Rot:0.04)
        Val   9.884 (D:8.51 Dim:0.04 Rot:0.89)
============================================================
Epoch 26: 100%|████████████████████████████████| 748/748 [03:03<00:00,  4.07it/s, loss=0.306, depth=0.15, dim=0.03, rot=0.09]
Validation: 100%|██████████████████████████████████████████████████████████████████████████| 188/188 [00:15<00:00, 12.35it/s]

Ep 26: Train 0.460 (D:0.38 Dim:0.04 Rot:0.03)
        Val   9.744 (D:8.31 Dim:0.03 Rot:0.94)
============================================================
Epoch 27: 100%|████████████████████████████████| 748/748 [03:03<00:00,  4.07it/s, loss=0.233, depth=0.18, dim=0.05, rot=0.00]
Validation: 100%|██████████████████████████████████████████████████████████████████████████| 188/188 [00:15<00:00, 12.31it/s]

Ep 27: Train 0.425 (D:0.34 Dim:0.04 Rot:0.03)
        Val   10.095 (D:8.67 Dim:0.03 Rot:0.92)
============================================================
Epoch 28: 100%|████████████████████████████████| 748/748 [03:03<00:00,  4.07it/s, loss=0.366, depth=0.31, dim=0.05, rot=0.01]
Validation: 100%|██████████████████████████████████████████████████████████████████████████| 188/188 [00:15<00:00, 12.17it/s]

Ep 28: Train 0.379 (D:0.30 Dim:0.04 Rot:0.03)
        Val   10.295 (D:8.84 Dim:0.03 Rot:0.95)
============================================================
Epoch 29: 100%|████████████████████████████████| 748/748 [03:03<00:00,  4.07it/s, loss=0.247, depth=0.21, dim=0.04, rot=0.00]
Validation: 100%|██████████████████████████████████████████████████████████████████████████| 188/188 [00:15<00:00, 12.33it/s]

Ep 29: Train 0.328 (D:0.25 Dim:0.04 Rot:0.03)
        Val   10.639 (D:9.18 Dim:0.03 Rot:0.95)
============================================================
Epoch 30: 100%|████████████████████████████████| 748/748 [03:03<00:00,  4.08it/s, loss=0.557, depth=0.49, dim=0.05, rot=0.01]
Validation: 100%|██████████████████████████████████████████████████████████████████████████| 188/188 [00:15<00:00, 12.24it/s]

Ep 30: Train 0.269 (D:0.20 Dim:0.04 Rot:0.02)
        Val   11.325 (D:9.82 Dim:0.04 Rot:0.98)
============================================================
Epoch 31: 100%|██████████████████████████████| 748/748 [03:03<00:00,  4.07it/s, loss=-0.029, depth=-0.06, dim=0.02, rot=0.00]
Validation: 100%|██████████████████████████████████████████████████████████████████████████| 188/188 [00:15<00:00, 11.96it/s]

Ep 31: Train 0.196 (D:0.13 Dim:0.03 Rot:0.02)
        Val   11.608 (D:10.15 Dim:0.03 Rot:0.95)
============================================================
Epoch 32: 100%|███████████████████████████████| 748/748 [03:03<00:00,  4.07it/s, loss=0.105, depth=-0.01, dim=0.03, rot=0.06]
Validation: 100%|██████████████████████████████████████████████████████████████████████████| 188/188 [00:15<00:00, 12.32it/s]

Ep 32: Train 0.146 (D:0.08 Dim:0.03 Rot:0.02)
        Val   12.105 (D:10.65 Dim:0.03 Rot:0.95)
============================================================
Epoch 33: 100%|██████████████████████████████| 748/748 [03:03<00:00,  4.07it/s, loss=-0.239, depth=-0.29, dim=0.03, rot=0.01]
Validation: 100%|██████████████████████████████████████████████████████████████████████████| 188/188 [00:15<00:00, 12.32it/s]

Ep 33: Train 0.088 (D:0.02 Dim:0.03 Rot:0.02)
        Val   12.246 (D:10.80 Dim:0.03 Rot:0.94)
============================================================
Epoch 34: 100%|████████████████████████████████| 748/748 [03:03<00:00,  4.07it/s, loss=0.096, depth=0.05, dim=0.03, rot=0.01]
Validation: 100%|██████████████████████████████████████████████████████████████████████████| 188/188 [00:15<00:00, 12.26it/s]

Ep 34: Train 0.037 (D:-0.02 Dim:0.03 Rot:0.02)
        Val   12.856 (D:11.40 Dim:0.03 Rot:0.95)
============================================================
Epoch 35: 100%|███████████████████████████████| 748/748 [03:03<00:00,  4.07it/s, loss=0.074, depth=-0.02, dim=0.04, rot=0.03]
Validation: 100%|██████████████████████████████████████████████████████████████████████████| 188/188 [00:15<00:00, 12.39it/s]

Ep 35: Train -0.005 (D:-0.06 Dim:0.03 Rot:0.02)
        Val   13.166 (D:11.72 Dim:0.03 Rot:0.94)
============================================================
Epoch 36: 100%|██████████████████████████████| 748/748 [03:03<00:00,  4.07it/s, loss=-0.244, depth=-0.27, dim=0.02, rot=0.00]
Validation: 100%|██████████████████████████████████████████████████████████████████████████| 188/188 [00:15<00:00, 12.34it/s]

Ep 36: Train -0.099 (D:-0.15 Dim:0.03 Rot:0.02)
        Val   13.889 (D:12.43 Dim:0.03 Rot:0.95)
============================================================
Epoch 37: 100%|████████████████████████████████| 748/748 [03:03<00:00,  4.07it/s, loss=0.090, depth=0.05, dim=0.04, rot=0.00]
Validation: 100%|██████████████████████████████████████████████████████████████████████████| 188/188 [00:15<00:00, 12.34it/s]

Ep 37: Train -0.135 (D:-0.19 Dim:0.03 Rot:0.02)
        Val   15.553 (D:14.07 Dim:0.03 Rot:0.97)
============================================================
Epoch 38: 100%|██████████████████████████████| 748/748 [03:03<00:00,  4.07it/s, loss=-0.126, depth=-0.16, dim=0.03, rot=0.00]
Validation: 100%|██████████████████████████████████████████████████████████████████████████| 188/188 [00:15<00:00, 12.43it/s]

Ep 38: Train -0.198 (D:-0.25 Dim:0.03 Rot:0.01)
        Val   15.392 (D:13.91 Dim:0.03 Rot:0.97)
============================================================
Epoch 39: 100%|██████████████████████████████| 748/748 [03:03<00:00,  4.07it/s, loss=-0.255, depth=-0.31, dim=0.04, rot=0.01]
Validation: 100%|██████████████████████████████████████████████████████████████████████████| 188/188 [00:15<00:00, 12.33it/s]

Ep 39: Train -0.263 (D:-0.32 Dim:0.03 Rot:0.01)
        Val   16.000 (D:14.51 Dim:0.03 Rot:0.97)
============================================================
Epoch 40: 100%|██████████████████████████████| 748/748 [03:03<00:00,  4.07it/s, loss=-0.170, depth=-0.21, dim=0.03, rot=0.00]
Validation: 100%|██████████████████████████████████████████████████████████████████████████| 188/188 [00:15<00:00, 12.25it/s]

Ep 40: Train -0.324 (D:-0.38 Dim:0.03 Rot:0.01)
        Val   17.010 (D:15.53 Dim:0.03 Rot:0.97)
============================================================
Epoch 41: 100%|██████████████████████████████| 748/748 [03:03<00:00,  4.07it/s, loss=-0.482, depth=-0.51, dim=0.02, rot=0.01]
Validation: 100%|██████████████████████████████████████████████████████████████████████████| 188/188 [00:15<00:00, 12.42it/s]

Ep 41: Train -0.389 (D:-0.44 Dim:0.03 Rot:0.01)
        Val   17.547 (D:16.07 Dim:0.03 Rot:0.97)
============================================================
Epoch 42: 100%|██████████████████████████████| 748/748 [03:03<00:00,  4.08it/s, loss=-0.926, depth=-0.96, dim=0.03, rot=0.01]
Validation: 100%|██████████████████████████████████████████████████████████████████████████| 188/188 [00:15<00:00, 12.40it/s]

Ep 42: Train -0.439 (D:-0.49 Dim:0.03 Rot:0.01)
        Val   18.561 (D:17.09 Dim:0.03 Rot:0.96)
============================================================
Epoch 43: 100%|███████████████████████████████| 748/748 [03:03<00:00,  4.07it/s, loss=0.093, depth=-0.09, dim=0.03, rot=0.10]
Validation: 100%|██████████████████████████████████████████████████████████████████████████| 188/188 [00:15<00:00, 12.35it/s]

Ep 43: Train -0.484 (D:-0.54 Dim:0.03 Rot:0.01)
        Val   19.709 (D:18.22 Dim:0.03 Rot:0.97)
============================================================
Epoch 44: 100%|██████████████████████████████| 748/748 [03:03<00:00,  4.07it/s, loss=-0.546, depth=-0.58, dim=0.03, rot=0.00]
Validation: 100%|██████████████████████████████████████████████████████████████████████████| 188/188 [00:15<00:00, 12.31it/s]

Ep 44: Train -0.521 (D:-0.57 Dim:0.03 Rot:0.01)
        Val   20.723 (D:19.24 Dim:0.03 Rot:0.97)
============================================================
Epoch 45: 100%|██████████████████████████████| 748/748 [03:03<00:00,  4.07it/s, loss=-0.832, depth=-0.88, dim=0.04, rot=0.01]
Validation: 100%|██████████████████████████████████████████████████████████████████████████| 188/188 [00:15<00:00, 12.34it/s]

Ep 45: Train -0.556 (D:-0.61 Dim:0.03 Rot:0.01)
        Val   21.148 (D:19.67 Dim:0.03 Rot:0.97)
============================================================
Epoch 46: 100%|██████████████████████████████| 748/748 [03:03<00:00,  4.07it/s, loss=-0.351, depth=-0.47, dim=0.02, rot=0.07]
Validation: 100%|██████████████████████████████████████████████████████████████████████████| 188/188 [00:15<00:00, 12.30it/s]

Ep 46: Train -0.592 (D:-0.64 Dim:0.03 Rot:0.01)
        Val   21.766 (D:20.29 Dim:0.03 Rot:0.97)
============================================================
Epoch 47: 100%|██████████████████████████████| 748/748 [03:03<00:00,  4.07it/s, loss=-0.689, depth=-0.72, dim=0.03, rot=0.00]
Validation: 100%|██████████████████████████████████████████████████████████████████████████| 188/188 [00:15<00:00, 12.33it/s]

Ep 47: Train -0.618 (D:-0.67 Dim:0.03 Rot:0.01)
        Val   21.929 (D:20.44 Dim:0.03 Rot:0.97)
============================================================
Epoch 48: 100%|██████████████████████████████| 748/748 [03:03<00:00,  4.07it/s, loss=-0.699, depth=-0.74, dim=0.03, rot=0.00]
Validation: 100%|██████████████████████████████████████████████████████████████████████████| 188/188 [00:15<00:00, 12.34it/s]

Ep 48: Train -0.629 (D:-0.68 Dim:0.03 Rot:0.01)
        Val   22.366 (D:20.88 Dim:0.03 Rot:0.97)
============================================================
Epoch 49: 100%|██████████████████████████████| 748/748 [03:03<00:00,  4.07it/s, loss=-0.513, depth=-0.55, dim=0.03, rot=0.01]
Validation: 100%|██████████████████████████████████████████████████████████████████████████| 188/188 [00:15<00:00, 12.28it/s]

Ep 49: Train -0.615 (D:-0.67 Dim:0.03 Rot:0.01)
        Val   22.615 (D:21.13 Dim:0.03 Rot:0.97)
============================================================

Done! Best: 3.308
